{
  "RSpec": {
    "coverage": {
      "/Users/nicoleglasgow/ticketee/app/models/user.rb": [
        1,
        1,
        null,
        null,
        null,
        1,
        null,
        null,
        null,
        null,
        1,
        1,
        null,
        1,
        29,
        null,
        null,
        null
      ],
      "/Users/nicoleglasgow/ticketee/app/controllers/application_controller.rb": [
        1,
        1,
        null,
        null,
        1,
        null,
        1,
        56,
        56,
        6,
        6,
        null,
        null
      ],
      "/Users/nicoleglasgow/ticketee/app/helpers/application_helper.rb": [
        1,
        1,
        22,
        22,
        22,
        null,
        null,
        null,
        null,
        1,
        226,
        null,
        null,
        1,
        18,
        31,
        null,
        null
      ],
      "/Users/nicoleglasgow/ticketee/app/helpers/admin/users_helper.rb": [
        1,
        null
      ],
      "/Users/nicoleglasgow/ticketee/app/helpers/projects_helper.rb": [
        1,
        null
      ],
      "/Users/nicoleglasgow/ticketee/app/helpers/tickets_helper.rb": [
        1,
        null
      ],
      "/Users/nicoleglasgow/ticketee/app/helpers/users_helper.rb": [
        1,
        null
      ],
      "/Users/nicoleglasgow/ticketee/app/controllers/admin/base_controller.rb": [
        1,
        1,
        null,
        1,
        null,
        null,
        null
      ],
      "/Users/nicoleglasgow/ticketee/app/controllers/admin/users_controller.rb": [
        1,
        1,
        1,
        14,
        null,
        null,
        1,
        null,
        null,
        null,
        1,
        3,
        null,
        null,
        1,
        3,
        3,
        2,
        2,
        null,
        1,
        1,
        null,
        null,
        null,
        1,
        null,
        null,
        null,
        1,
        3,
        3,
        3,
        3,
        null,
        null,
        3,
        2,
        2,
        null,
        1,
        1,
        null,
        null,
        null,
        1,
        2,
        1,
        null,
        1,
        1,
        null,
        null,
        2,
        null,
        null,
        1,
        1,
        13,
        null,
        null
      ],
      "/Users/nicoleglasgow/ticketee/app/controllers/projects_controller.rb": [
        1,
        1,
        1,
        1,
        null,
        1,
        62,
        null,
        null,
        1,
        2,
        null,
        null,
        1,
        2,
        2,
        1,
        1,
        null,
        1,
        1,
        null,
        null,
        null,
        1,
        null,
        null,
        null,
        1,
        null,
        null,
        null,
        1,
        2,
        1,
        1,
        null,
        1,
        1,
        null,
        null,
        null,
        1,
        1,
        1,
        1,
        null,
        null,
        1,
        null,
        1,
        31,
        null,
        null,
        4,
        4,
        null,
        null,
        null,
        null
      ],
      "/Users/nicoleglasgow/ticketee/app/models/project.rb": [
        1,
        1,
        null,
        1,
        null,
        1,
        1,
        null,
        1,
        70,
        null,
        null,
        null,
        1,
        119,
        null,
        null,
        null
      ],
      "/Users/nicoleglasgow/ticketee/app/controllers/registrations_controller.rb": [
        1,
        null,
        1,
        null,
        1,
        1,
        null,
        null
      ],
      "/Users/nicoleglasgow/ticketee/app/controllers/tickets_controller.rb": [
        1,
        1,
        1,
        1,
        1,
        1,
        1,
        null,
        1,
        17,
        null,
        null,
        1,
        3,
        null,
        null,
        1,
        3,
        3,
        3,
        1,
        1,
        null,
        2,
        2,
        null,
        null,
        null,
        1,
        null,
        null,
        null,
        1,
        null,
        null,
        null,
        1,
        2,
        1,
        1,
        null,
        1,
        1,
        null,
        null,
        null,
        1,
        1,
        1,
        1,
        null,
        null,
        1,
        1,
        26,
        null,
        1,
        null,
        1,
        null,
        null,
        1,
        8,
        2,
        2,
        null,
        null,
        null,
        1,
        6,
        2,
        2,
        null,
        null,
        null,
        1,
        2,
        1,
        1,
        null,
        null,
        null
      ],
      "/Users/nicoleglasgow/ticketee/app/models/ticket.rb": [
        1,
        1,
        1,
        1,
        null,
        1,
        1,
        null,
        null
      ],
      "/Users/nicoleglasgow/ticketee/app/controllers/users_controller.rb": [
        1,
        1,
        null,
        null
      ],
      "/Users/nicoleglasgow/ticketee/app/models/ability.rb": [
        1,
        1,
        null,
        1,
        47,
        65,
        null,
        null,
        19,
        null,
        null,
        null,
        null,
        null
      ],
      "/Users/nicoleglasgow/ticketee/app/models/permission.rb": [
        1,
        1,
        null,
        1,
        1,
        null
      ]
    },
    "timestamp": 1374817970
  }
}
