{
  "RSpec": {
    "coverage": {
      "/home/krystle/ticketee/app/models/user.rb": [
        1,
        1,
        null,
        null,
        null,
        1,
        null,
        null,
        null,
        null,
        1,
        1,
        null,
        1,
        29,
        null,
        null,
        null
      ],
      "/home/krystle/ticketee/app/controllers/application_controller.rb": [
        1,
        1,
        null,
        null,
        1,
        null,
        1,
        56,
        56,
        6,
        6,
        null,
        null
      ],
      "/home/krystle/ticketee/app/helpers/application_helper.rb": [
        1,
        1,
        22,
        22,
        22,
        null,
        null,
        null,
        null,
        1,
        213,
        null,
        null,
        1,
        14,
        22,
        null,
        null
      ],
      "/home/krystle/ticketee/app/helpers/admin/users_helper.rb": [
        1,
        null
      ],
      "/home/krystle/ticketee/app/helpers/projects_helper.rb": [
        1,
        null
      ],
      "/home/krystle/ticketee/app/helpers/tickets_helper.rb": [
        1,
        null
      ],
      "/home/krystle/ticketee/app/helpers/users_helper.rb": [
        1,
        null
      ],
      "/home/krystle/ticketee/app/controllers/admin/base_controller.rb": [
        1,
        1,
        null,
        1,
        null,
        null,
        null
      ],
      "/home/krystle/ticketee/app/controllers/admin/users_controller.rb": [
        1,
        1,
        1,
        14,
        null,
        null,
        1,
        null,
        null,
        null,
        1,
        3,
        null,
        null,
        1,
        3,
        3,
        2,
        2,
        null,
        1,
        1,
        null,
        null,
        null,
        1,
        null,
        null,
        null,
        1,
        3,
        3,
        3,
        3,
        null,
        null,
        3,
        2,
        2,
        null,
        1,
        1,
        null,
        null,
        null,
        1,
        2,
        1,
        null,
        1,
        1,
        null,
        null,
        2,
        null,
        null,
        1,
        1,
        13,
        null,
        null
      ],
      "/home/krystle/ticketee/app/controllers/projects_controller.rb": [
        1,
        1,
        1,
        1,
        null,
        1,
        64,
        null,
        null,
        1,
        2,
        null,
        null,
        1,
        2,
        2,
        1,
        1,
        null,
        1,
        1,
        null,
        null,
        null,
        1,
        null,
        null,
        null,
        1,
        null,
        null,
        null,
        1,
        2,
        1,
        1,
        null,
        1,
        1,
        null,
        null,
        null,
        1,
        1,
        1,
        1,
        null,
        null,
        1,
        null,
        1,
        31,
        null,
        null,
        4,
        4,
        null,
        null,
        null,
        null
      ],
      "/home/krystle/ticketee/app/models/project.rb": [
        1,
        1,
        null,
        1,
        null,
        1,
        1,
        null,
        1,
        63,
        null,
        null,
        null,
        1,
        112,
        null,
        null,
        null
      ],
      "/home/krystle/ticketee/app/controllers/registrations_controller.rb": [
        1,
        null,
        1,
        null,
        1,
        1,
        null,
        null
      ],
      "/home/krystle/ticketee/app/controllers/tickets_controller.rb": [
        1,
        1,
        1,
        1,
        1,
        1,
        1,
        null,
        1,
        10,
        null,
        null,
        1,
        4,
        16,
        null,
        null,
        1,
        0,
        0,
        0,
        0,
        0,
        null,
        0,
        0,
        null,
        null,
        null,
        1,
        null,
        null,
        null,
        1,
        null,
        null,
        null,
        1,
        0,
        0,
        0,
        null,
        0,
        0,
        null,
        null,
        null,
        1,
        0,
        0,
        0,
        null,
        null,
        1,
        1,
        17,
        null,
        1,
        null,
        1,
        null,
        null,
        1,
        6,
        2,
        2,
        null,
        null,
        null,
        1,
        2,
        2,
        2,
        null,
        null,
        null,
        1,
        1,
        1,
        1,
        null,
        null,
        null
      ],
      "/home/krystle/ticketee/app/models/ticket.rb": [
        1,
        1,
        1,
        1,
        1,
        1,
        1,
        null,
        1,
        1,
        null,
        null
      ],
      "/home/krystle/ticketee/app/controllers/users_controller.rb": [
        1,
        1,
        null,
        null
      ],
      "/home/krystle/ticketee/app/models/ability.rb": [
        1,
        1,
        null,
        1,
        31,
        36,
        null,
        null,
        9,
        null,
        null,
        null,
        null,
        null
      ],
      "/home/krystle/ticketee/app/models/asset.rb": [
        1,
        null,
        1,
        1,
        null
      ],
      "/home/krystle/ticketee/app/models/permission.rb": [
        1,
        1,
        null,
        1,
        1,
        null
      ]
    },
    "timestamp": 1375741039
  }
}
